d:\queen-mary-subjects\sem-2\advance game development\assignment-1-d\sfml\sfml\x64\debug\vc143.pdb
d:\queen-mary-subjects\sem-2\advance game development\assignment-1-d\sfml\sfml\x64\debug\vc143.idb
d:\queen-mary-subjects\sem-2\advance game development\assignment-1-d\sfml\sfml\x64\debug\graphicssystem.obj
d:\queen-mary-subjects\sem-2\advance game development\assignment-1-d\sfml\sfml\x64\debug\gameplaysystem.obj
d:\queen-mary-subjects\sem-2\advance game development\assignment-1-d\sfml\sfml\x64\debug\collidersystem.obj
d:\queen-mary-subjects\sem-2\advance game development\assignment-1-d\sfml\sfml\x64\debug\window.obj
d:\queen-mary-subjects\sem-2\advance game development\assignment-1-d\sfml\sfml\x64\debug\spritesheetgraphicscomponent.obj
d:\queen-mary-subjects\sem-2\advance game development\assignment-1-d\sfml\sfml\x64\debug\spritesheet.obj
d:\queen-mary-subjects\sem-2\advance game development\assignment-1-d\sfml\sfml\x64\debug\animdirectional.obj
d:\queen-mary-subjects\sem-2\advance game development\assignment-1-d\sfml\sfml\x64\debug\animbase.obj
d:\queen-mary-subjects\sem-2\advance game development\assignment-1-d\sfml\sfml\x64\debug\player.obj
d:\queen-mary-subjects\sem-2\advance game development\assignment-1-d\sfml\sfml\x64\debug\fire.obj
d:\queen-mary-subjects\sem-2\advance game development\assignment-1-d\sfml\sfml\x64\debug\entity.obj
d:\queen-mary-subjects\sem-2\advance game development\assignment-1-d\sfml\sfml\x64\debug\tile.obj
d:\queen-mary-subjects\sem-2\advance game development\assignment-1-d\sfml\sfml\x64\debug\inputhandler.obj
d:\queen-mary-subjects\sem-2\advance game development\assignment-1-d\sfml\sfml\x64\debug\gamecommand.obj
d:\queen-mary-subjects\sem-2\advance game development\assignment-1-d\sfml\sfml\x64\debug\game.obj
d:\queen-mary-subjects\sem-2\advance game development\assignment-1-d\sfml\sfml\x64\debug\board.obj
d:\queen-mary-subjects\sem-2\advance game development\assignment-1-d\sfml\sfml\x64\debug\velocitycomponent.obj
d:\queen-mary-subjects\sem-2\advance game development\assignment-1-d\sfml\sfml\x64\debug\playerstatecomponent.obj
d:\queen-mary-subjects\sem-2\advance game development\assignment-1-d\sfml\sfml\x64\debug\inputcomponent.obj
d:\queen-mary-subjects\sem-2\advance game development\assignment-1-d\sfml\sfml\x64\debug\main.obj
d:\queen-mary-subjects\sem-2\advance game development\assignment-1-d\sfml\sfml\x64\debug\rectangle.obj
d:\queen-mary-subjects\sem-2\advance game development\assignment-1-d\sfml\sfml\x64\debug\ttlsystem.obj
d:\queen-mary-subjects\sem-2\advance game development\assignment-1-d\sfml\sfml\x64\debug\printdebugsystem.obj
d:\queen-mary-subjects\sem-2\advance game development\assignment-1-d\sfml\sfml\x64\debug\movementsystem.obj
d:\queen-mary-subjects\sem-2\advance game development\assignment-1-d\sfml\sfml\x64\debug\inputsystem.obj
d:\queen-mary-subjects\sem-2\advance game development\assignment-1-d\sfml\sfml\x64\debug\servicelocator.obj
d:\queen-mary-subjects\sem-2\advance game development\assignment-1-d\sfml\sfml\x64\debug\audiomanager.obj
d:\queen-mary-subjects\sem-2\advance game development\assignment-1-d\sfml\x64\debug\sfml.exe
d:\queen-mary-subjects\sem-2\advance game development\assignment-1-d\sfml\x64\debug\sfml.pdb
d:\queen-mary-subjects\sem-2\advance game development\assignment-1-d\sfml\sfml\x64\debug\sfml.ilk
d:\queen-mary-subjects\sem-2\advance game development\assignment-1-d\sfml\sfml\x64\debug\sfml.tlog\cl.command.1.tlog
d:\queen-mary-subjects\sem-2\advance game development\assignment-1-d\sfml\sfml\x64\debug\sfml.tlog\cl.items.tlog
d:\queen-mary-subjects\sem-2\advance game development\assignment-1-d\sfml\sfml\x64\debug\sfml.tlog\cl.read.1.tlog
d:\queen-mary-subjects\sem-2\advance game development\assignment-1-d\sfml\sfml\x64\debug\sfml.tlog\cl.write.1.tlog
d:\queen-mary-subjects\sem-2\advance game development\assignment-1-d\sfml\sfml\x64\debug\sfml.tlog\link.command.1.tlog
d:\queen-mary-subjects\sem-2\advance game development\assignment-1-d\sfml\sfml\x64\debug\sfml.tlog\link.read.1.tlog
d:\queen-mary-subjects\sem-2\advance game development\assignment-1-d\sfml\sfml\x64\debug\sfml.tlog\link.secondary.1.tlog
d:\queen-mary-subjects\sem-2\advance game development\assignment-1-d\sfml\sfml\x64\debug\sfml.tlog\link.write.1.tlog
